<?xml version="1.0" encoding="UTF-8"?>
<testng-results ignored="0" total="2" passed="2" failed="0" skipped="0">
  <reporter-output>
  </reporter-output>
  <suite started-at="2023-03-18T13:05:34 EDT" name="Suite" finished-at="2023-03-18T13:05:47 EDT" duration-ms="12857">
    <groups>
    </groups>
    <test started-at="2023-03-18T13:05:34 EDT" name="Test1" finished-at="2023-03-18T13:05:45 EDT" duration-ms="11442">
      <class name="maven.Day2">
        <test-method signature="invokeBrowser1()[pri:0, instance:maven.Day2@1a4013]" started-at="2023-03-18T13:05:34 EDT" name="invokeBrowser1" finished-at="2023-03-18T13:05:45 EDT" duration-ms="11392" status="PASS">
          <reporter-output>
          </reporter-output>
        </test-method> <!-- invokeBrowser1 -->
      </class> <!-- maven.Day2 -->
    </test> <!-- Test1 -->
    <test started-at="2023-03-18T13:05:34 EDT" name="Test" finished-at="2023-03-18T13:05:47 EDT" duration-ms="12857">
      <class name="maven.Day1">
        <test-method signature="invokeBrowser()[pri:0, instance:maven.Day1@40cb8df7]" started-at="2023-03-18T13:05:34 EDT" name="invokeBrowser" finished-at="2023-03-18T13:05:47 EDT" duration-ms="12813" status="PASS">
          <reporter-output>
          </reporter-output>
        </test-method> <!-- invokeBrowser -->
      </class> <!-- maven.Day1 -->
    </test> <!-- Test -->
  </suite> <!-- Suite -->
</testng-results>
